{"time": "2026-03-30 16:36:57,818", "level": "ERROR", "logger": "albert.ingestor.base", "msg": "KalshiIngestor disconnected, reconnecting in 5.0s"}
Traceback (most recent call last):
  File "/Users/dandan/Desktop/Projects/albert/albert/ingestor/base.py", line 19, in run
    await self._connect_and_stream()
  File "/Users/dandan/Desktop/Projects/albert/albert/ingestor/kalshi.py", line 43, in _connect_and_stream
    async with websockets.connect(
  File "/Users/dandan/anaconda3/lib/python3.12/site-packages/websockets/asyncio/client.py", line 487, in __aenter__
    return await self
           ^^^^^^^^^^
  File "/Users/dandan/anaconda3/lib/python3.12/site-packages/websockets/asyncio/client.py", line 444, in __await_impl__
    self.connection = await self.create_connection()
                      ^^^^^^^^^^^^^^^^^^^^^^^^^^^^^^
  File "/Users/dandan/anaconda3/lib/python3.12/site-packages/websockets/asyncio/client.py", line 370, in create_connection
    _, connection = await loop.create_connection(factory, **kwargs)
                          ^^^^^^^^^^^^^^^^^^^^^^^^^^^^^^^^^^^^^^^^^
TypeError: BaseEventLoop.create_connection() got an unexpected keyword argument 'extra_headers'
{"time": "2026-03-30 16:36:57,821", "level": "INFO", "logger": "albert.strategies.engine", "msg": "loaded strategy momentum_v1"}
{"time": "2026-03-30 16:36:58,144", "level": "ERROR", "logger": "albert.ingestor.base", "msg": "PolymarketIngestor disconnected, reconnecting in 5.0s"}
Traceback (most recent call last):
  File "/Users/dandan/Desktop/Projects/albert/albert/ingestor/base.py", line 19, in run
    await self._connect_and_stream()
  File "/Users/dandan/Desktop/Projects/albert/albert/ingestor/polymarket.py", line 26, in _connect_and_stream
    async with websockets.connect(_WS_URL) as ws:
  File "/Users/dandan/anaconda3/lib/python3.12/site-packages/websockets/asyncio/client.py", line 487, in __aenter__
    return await self
           ^^^^^^^^^^
  File "/Users/dandan/anaconda3/lib/python3.12/site-packages/websockets/asyncio/client.py", line 446, in __await_impl__
    await self.connection.handshake(*self.handshake_args)
  File "/Users/dandan/anaconda3/lib/python3.12/site-packages/websockets/asyncio/client.py", line 104, in handshake
    raise self.protocol.handshake_exc
  File "/Users/dandan/anaconda3/lib/python3.12/site-packages/websockets/client.py", line 340, in parse
    self.process_response(response)
  File "/Users/dandan/anaconda3/lib/python3.12/site-packages/websockets/client.py", line 151, in process_response
    raise InvalidStatus(response)
websockets.exceptions.InvalidStatus: server rejected WebSocket connection: HTTP 404
{"time": "2026-03-30 16:37:02,825", "level": "ERROR", "logger": "albert.ingestor.base", "msg": "KalshiIngestor disconnected, reconnecting in 5.0s"}
Traceback (most recent call last):
  File "/Users/dandan/Desktop/Projects/albert/albert/ingestor/base.py", line 19, in run
    await self._connect_and_stream()
  File "/Users/dandan/Desktop/Projects/albert/albert/ingestor/kalshi.py", line 43, in _connect_and_stream
    async with websockets.connect(
  File "/Users/dandan/anaconda3/lib/python3.12/site-packages/websockets/asyncio/client.py", line 487, in __aenter__
    return await self
           ^^^^^^^^^^
  File "/Users/dandan/anaconda3/lib/python3.12/site-packages/websockets/asyncio/client.py", line 444, in __await_impl__
    self.connection = await self.create_connection()
                      ^^^^^^^^^^^^^^^^^^^^^^^^^^^^^^
  File "/Users/dandan/anaconda3/lib/python3.12/site-packages/websockets/asyncio/client.py", line 370, in create_connection
    _, connection = await loop.create_connection(factory, **kwargs)
                          ^^^^^^^^^^^^^^^^^^^^^^^^^^^^^^^^^^^^^^^^^
TypeError: BaseEventLoop.create_connection() got an unexpected keyword argument 'extra_headers'
{"time": "2026-03-30 16:37:03,416", "level": "ERROR", "logger": "albert.ingestor.base", "msg": "PolymarketIngestor disconnected, reconnecting in 5.0s"}
Traceback (most recent call last):
  File "/Users/dandan/Desktop/Projects/albert/albert/ingestor/base.py", line 19, in run
    await self._connect_and_stream()
  File "/Users/dandan/Desktop/Projects/albert/albert/ingestor/polymarket.py", line 26, in _connect_and_stream
    async with websockets.connect(_WS_URL) as ws:
  File "/Users/dandan/anaconda3/lib/python3.12/site-packages/websockets/asyncio/client.py", line 487, in __aenter__
    return await self
           ^^^^^^^^^^
  File "/Users/dandan/anaconda3/lib/python3.12/site-packages/websockets/asyncio/client.py", line 446, in __await_impl__
    await self.connection.handshake(*self.handshake_args)
  File "/Users/dandan/anaconda3/lib/python3.12/site-packages/websockets/asyncio/client.py", line 104, in handshake
    raise self.protocol.handshake_exc
  File "/Users/dandan/anaconda3/lib/python3.12/site-packages/websockets/client.py", line 340, in parse
    self.process_response(response)
  File "/Users/dandan/anaconda3/lib/python3.12/site-packages/websockets/client.py", line 151, in process_response
    raise InvalidStatus(response)
websockets.exceptions.InvalidStatus: server rejected WebSocket connection: HTTP 404
{"time": "2026-03-30 16:37:07,832", "level": "ERROR", "logger": "albert.ingestor.base", "msg": "KalshiIngestor disconnected, reconnecting in 5.0s"}
Traceback (most recent call last):
  File "/Users/dandan/Desktop/Projects/albert/albert/ingestor/base.py", line 19, in run
    await self._connect_and_stream()
  File "/Users/dandan/Desktop/Projects/albert/albert/ingestor/kalshi.py", line 43, in _connect_and_stream
    async with websockets.connect(
  File "/Users/dandan/anaconda3/lib/python3.12/site-packages/websockets/asyncio/client.py", line 487, in __aenter__
    return await self
           ^^^^^^^^^^
  File "/Users/dandan/anaconda3/lib/python3.12/site-packages/websockets/asyncio/client.py", line 444, in __await_impl__
    self.connection = await self.create_connection()
                      ^^^^^^^^^^^^^^^^^^^^^^^^^^^^^^
  File "/Users/dandan/anaconda3/lib/python3.12/site-packages/websockets/asyncio/client.py", line 370, in create_connection
    _, connection = await loop.create_connection(factory, **kwargs)
                          ^^^^^^^^^^^^^^^^^^^^^^^^^^^^^^^^^^^^^^^^^
TypeError: BaseEventLoop.create_connection() got an unexpected keyword argument 'extra_headers'
{"time": "2026-03-30 16:37:08,683", "level": "ERROR", "logger": "albert.ingestor.base", "msg": "PolymarketIngestor disconnected, reconnecting in 5.0s"}
Traceback (most recent call last):
  File "/Users/dandan/Desktop/Projects/albert/albert/ingestor/base.py", line 19, in run
    await self._connect_and_stream()
  File "/Users/dandan/Desktop/Projects/albert/albert/ingestor/polymarket.py", line 26, in _connect_and_stream
    async with websockets.connect(_WS_URL) as ws:
  File "/Users/dandan/anaconda3/lib/python3.12/site-packages/websockets/asyncio/client.py", line 487, in __aenter__
    return await self
           ^^^^^^^^^^
  File "/Users/dandan/anaconda3/lib/python3.12/site-packages/websockets/asyncio/client.py", line 446, in __await_impl__
    await self.connection.handshake(*self.handshake_args)
  File "/Users/dandan/anaconda3/lib/python3.12/site-packages/websockets/asyncio/client.py", line 104, in handshake
    raise self.protocol.handshake_exc
  File "/Users/dandan/anaconda3/lib/python3.12/site-packages/websockets/client.py", line 340, in parse
    self.process_response(response)
  File "/Users/dandan/anaconda3/lib/python3.12/site-packages/websockets/client.py", line 151, in process_response
    raise InvalidStatus(response)
websockets.exceptions.InvalidStatus: server rejected WebSocket connection: HTTP 404
{"time": "2026-03-30 16:37:12,837", "level": "ERROR", "logger": "albert.ingestor.base", "msg": "KalshiIngestor disconnected, reconnecting in 5.0s"}
Traceback (most recent call last):
  File "/Users/dandan/Desktop/Projects/albert/albert/ingestor/base.py", line 19, in run
    await self._connect_and_stream()
  File "/Users/dandan/Desktop/Projects/albert/albert/ingestor/kalshi.py", line 43, in _connect_and_stream
    async with websockets.connect(
  File "/Users/dandan/anaconda3/lib/python3.12/site-packages/websockets/asyncio/client.py", line 487, in __aenter__
    return await self
           ^^^^^^^^^^
  File "/Users/dandan/anaconda3/lib/python3.12/site-packages/websockets/asyncio/client.py", line 444, in __await_impl__
    self.connection = await self.create_connection()
                      ^^^^^^^^^^^^^^^^^^^^^^^^^^^^^^
  File "/Users/dandan/anaconda3/lib/python3.12/site-packages/websockets/asyncio/client.py", line 370, in create_connection
    _, connection = await loop.create_connection(factory, **kwargs)
                          ^^^^^^^^^^^^^^^^^^^^^^^^^^^^^^^^^^^^^^^^^
TypeError: BaseEventLoop.create_connection() got an unexpected keyword argument 'extra_headers'
{"time": "2026-03-30 16:37:13,960", "level": "ERROR", "logger": "albert.ingestor.base", "msg": "PolymarketIngestor disconnected, reconnecting in 5.0s"}
Traceback (most recent call last):
  File "/Users/dandan/Desktop/Projects/albert/albert/ingestor/base.py", line 19, in run
    await self._connect_and_stream()
  File "/Users/dandan/Desktop/Projects/albert/albert/ingestor/polymarket.py", line 26, in _connect_and_stream
    async with websockets.connect(_WS_URL) as ws:
  File "/Users/dandan/anaconda3/lib/python3.12/site-packages/websockets/asyncio/client.py", line 487, in __aenter__
    return await self
           ^^^^^^^^^^
  File "/Users/dandan/anaconda3/lib/python3.12/site-packages/websockets/asyncio/client.py", line 446, in __await_impl__
    await self.connection.handshake(*self.handshake_args)
  File "/Users/dandan/anaconda3/lib/python3.12/site-packages/websockets/asyncio/client.py", line 104, in handshake
    raise self.protocol.handshake_exc
  File "/Users/dandan/anaconda3/lib/python3.12/site-packages/websockets/client.py", line 340, in parse
    self.process_response(response)
  File "/Users/dandan/anaconda3/lib/python3.12/site-packages/websockets/client.py", line 151, in process_response
    raise InvalidStatus(response)
websockets.exceptions.InvalidStatus: server rejected WebSocket connection: HTTP 404
{"time": "2026-03-30 16:37:17,844", "level": "ERROR", "logger": "albert.ingestor.base", "msg": "KalshiIngestor disconnected, reconnecting in 5.0s"}
Traceback (most recent call last):
  File "/Users/dandan/Desktop/Projects/albert/albert/ingestor/base.py", line 19, in run
    await self._connect_and_stream()
  File "/Users/dandan/Desktop/Projects/albert/albert/ingestor/kalshi.py", line 43, in _connect_and_stream
    async with websockets.connect(
  File "/Users/dandan/anaconda3/lib/python3.12/site-packages/websockets/asyncio/client.py", line 487, in __aenter__
    return await self
           ^^^^^^^^^^
  File "/Users/dandan/anaconda3/lib/python3.12/site-packages/websockets/asyncio/client.py", line 444, in __await_impl__
    self.connection = await self.create_connection()
                      ^^^^^^^^^^^^^^^^^^^^^^^^^^^^^^
  File "/Users/dandan/anaconda3/lib/python3.12/site-packages/websockets/asyncio/client.py", line 370, in create_connection
    _, connection = await loop.create_connection(factory, **kwargs)
                          ^^^^^^^^^^^^^^^^^^^^^^^^^^^^^^^^^^^^^^^^^
TypeError: BaseEventLoop.create_connection() got an unexpected keyword argument 'extra_headers'
{"time": "2026-03-30 16:37:19,320", "level": "ERROR", "logger": "albert.ingestor.base", "msg": "PolymarketIngestor disconnected, reconnecting in 5.0s"}
Traceback (most recent call last):
  File "/Users/dandan/Desktop/Projects/albert/albert/ingestor/base.py", line 19, in run
    await self._connect_and_stream()
  File "/Users/dandan/Desktop/Projects/albert/albert/ingestor/polymarket.py", line 26, in _connect_and_stream
    async with websockets.connect(_WS_URL) as ws:
  File "/Users/dandan/anaconda3/lib/python3.12/site-packages/websockets/asyncio/client.py", line 487, in __aenter__
    return await self
           ^^^^^^^^^^
  File "/Users/dandan/anaconda3/lib/python3.12/site-packages/websockets/asyncio/client.py", line 446, in __await_impl__
    await self.connection.handshake(*self.handshake_args)
  File "/Users/dandan/anaconda3/lib/python3.12/site-packages/websockets/asyncio/client.py", line 104, in handshake
    raise self.protocol.handshake_exc
  File "/Users/dandan/anaconda3/lib/python3.12/site-packages/websockets/client.py", line 340, in parse
    self.process_response(response)
  File "/Users/dandan/anaconda3/lib/python3.12/site-packages/websockets/client.py", line 151, in process_response
    raise InvalidStatus(response)
websockets.exceptions.InvalidStatus: server rejected WebSocket connection: HTTP 404
{"time": "2026-03-30 16:37:22,850", "level": "ERROR", "logger": "albert.ingestor.base", "msg": "KalshiIngestor disconnected, reconnecting in 5.0s"}
Traceback (most recent call last):
  File "/Users/dandan/Desktop/Projects/albert/albert/ingestor/base.py", line 19, in run
    await self._connect_and_stream()
  File "/Users/dandan/Desktop/Projects/albert/albert/ingestor/kalshi.py", line 43, in _connect_and_stream
    async with websockets.connect(
  File "/Users/dandan/anaconda3/lib/python3.12/site-packages/websockets/asyncio/client.py", line 487, in __aenter__
    return await self
           ^^^^^^^^^^
  File "/Users/dandan/anaconda3/lib/python3.12/site-packages/websockets/asyncio/client.py", line 444, in __await_impl__
    self.connection = await self.create_connection()
                      ^^^^^^^^^^^^^^^^^^^^^^^^^^^^^^
  File "/Users/dandan/anaconda3/lib/python3.12/site-packages/websockets/asyncio/client.py", line 370, in create_connection
    _, connection = await loop.create_connection(factory, **kwargs)
                          ^^^^^^^^^^^^^^^^^^^^^^^^^^^^^^^^^^^^^^^^^
TypeError: BaseEventLoop.create_connection() got an unexpected keyword argument 'extra_headers'
{"time": "2026-03-30 16:37:24,640", "level": "ERROR", "logger": "albert.ingestor.base", "msg": "PolymarketIngestor disconnected, reconnecting in 5.0s"}
Traceback (most recent call last):
  File "/Users/dandan/Desktop/Projects/albert/albert/ingestor/base.py", line 19, in run
    await self._connect_and_stream()
  File "/Users/dandan/Desktop/Projects/albert/albert/ingestor/polymarket.py", line 26, in _connect_and_stream
    async with websockets.connect(_WS_URL) as ws:
  File "/Users/dandan/anaconda3/lib/python3.12/site-packages/websockets/asyncio/client.py", line 487, in __aenter__
    return await self
           ^^^^^^^^^^
  File "/Users/dandan/anaconda3/lib/python3.12/site-packages/websockets/asyncio/client.py", line 446, in __await_impl__
    await self.connection.handshake(*self.handshake_args)
  File "/Users/dandan/anaconda3/lib/python3.12/site-packages/websockets/asyncio/client.py", line 104, in handshake
    raise self.protocol.handshake_exc
  File "/Users/dandan/anaconda3/lib/python3.12/site-packages/websockets/client.py", line 340, in parse
    self.process_response(response)
  File "/Users/dandan/anaconda3/lib/python3.12/site-packages/websockets/client.py", line 151, in process_response
    raise InvalidStatus(response)
websockets.exceptions.InvalidStatus: server rejected WebSocket connection: HTTP 404
{"time": "2026-03-30 16:37:27,855", "level": "ERROR", "logger": "albert.ingestor.base", "msg": "KalshiIngestor disconnected, reconnecting in 5.0s"}
Traceback (most recent call last):
  File "/Users/dandan/Desktop/Projects/albert/albert/ingestor/base.py", line 19, in run
    await self._connect_and_stream()
  File "/Users/dandan/Desktop/Projects/albert/albert/ingestor/kalshi.py", line 43, in _connect_and_stream
    async with websockets.connect(
  File "/Users/dandan/anaconda3/lib/python3.12/site-packages/websockets/asyncio/client.py", line 487, in __aenter__
    return await self
           ^^^^^^^^^^
  File "/Users/dandan/anaconda3/lib/python3.12/site-packages/websockets/asyncio/client.py", line 444, in __await_impl__
    self.connection = await self.create_connection()
                      ^^^^^^^^^^^^^^^^^^^^^^^^^^^^^^
  File "/Users/dandan/anaconda3/lib/python3.12/site-packages/websockets/asyncio/client.py", line 370, in create_connection
    _, connection = await loop.create_connection(factory, **kwargs)
                          ^^^^^^^^^^^^^^^^^^^^^^^^^^^^^^^^^^^^^^^^^
TypeError: BaseEventLoop.create_connection() got an unexpected keyword argument 'extra_headers'
{"time": "2026-03-30 16:37:29,965", "level": "ERROR", "logger": "albert.ingestor.base", "msg": "PolymarketIngestor disconnected, reconnecting in 5.0s"}
Traceback (most recent call last):
  File "/Users/dandan/Desktop/Projects/albert/albert/ingestor/base.py", line 19, in run
    await self._connect_and_stream()
  File "/Users/dandan/Desktop/Projects/albert/albert/ingestor/polymarket.py", line 26, in _connect_and_stream
    async with websockets.connect(_WS_URL) as ws:
  File "/Users/dandan/anaconda3/lib/python3.12/site-packages/websockets/asyncio/client.py", line 487, in __aenter__
    return await self
           ^^^^^^^^^^
  File "/Users/dandan/anaconda3/lib/python3.12/site-packages/websockets/asyncio/client.py", line 446, in __await_impl__
    await self.connection.handshake(*self.handshake_args)
  File "/Users/dandan/anaconda3/lib/python3.12/site-packages/websockets/asyncio/client.py", line 104, in handshake
    raise self.protocol.handshake_exc
  File "/Users/dandan/anaconda3/lib/python3.12/site-packages/websockets/client.py", line 340, in parse
    self.process_response(response)
  File "/Users/dandan/anaconda3/lib/python3.12/site-packages/websockets/client.py", line 151, in process_response
    raise InvalidStatus(response)
websockets.exceptions.InvalidStatus: server rejected WebSocket connection: HTTP 404
{"time": "2026-03-30 16:37:32,863", "level": "ERROR", "logger": "albert.ingestor.base", "msg": "KalshiIngestor disconnected, reconnecting in 5.0s"}
Traceback (most recent call last):
  File "/Users/dandan/Desktop/Projects/albert/albert/ingestor/base.py", line 19, in run
    await self._connect_and_stream()
  File "/Users/dandan/Desktop/Projects/albert/albert/ingestor/kalshi.py", line 43, in _connect_and_stream
    async with websockets.connect(
  File "/Users/dandan/anaconda3/lib/python3.12/site-packages/websockets/asyncio/client.py", line 487, in __aenter__
    return await self
           ^^^^^^^^^^
  File "/Users/dandan/anaconda3/lib/python3.12/site-packages/websockets/asyncio/client.py", line 444, in __await_impl__
    self.connection = await self.create_connection()
                      ^^^^^^^^^^^^^^^^^^^^^^^^^^^^^^
  File "/Users/dandan/anaconda3/lib/python3.12/site-packages/websockets/asyncio/client.py", line 370, in create_connection
    _, connection = await loop.create_connection(factory, **kwargs)
                          ^^^^^^^^^^^^^^^^^^^^^^^^^^^^^^^^^^^^^^^^^
TypeError: BaseEventLoop.create_connection() got an unexpected keyword argument 'extra_headers'
{"time": "2026-03-30 16:37:35,261", "level": "ERROR", "logger": "albert.ingestor.base", "msg": "PolymarketIngestor disconnected, reconnecting in 5.0s"}
Traceback (most recent call last):
  File "/Users/dandan/Desktop/Projects/albert/albert/ingestor/base.py", line 19, in run
    await self._connect_and_stream()
  File "/Users/dandan/Desktop/Projects/albert/albert/ingestor/polymarket.py", line 26, in _connect_and_stream
    async with websockets.connect(_WS_URL) as ws:
  File "/Users/dandan/anaconda3/lib/python3.12/site-packages/websockets/asyncio/client.py", line 487, in __aenter__
    return await self
           ^^^^^^^^^^
  File "/Users/dandan/anaconda3/lib/python3.12/site-packages/websockets/asyncio/client.py", line 446, in __await_impl__
    await self.connection.handshake(*self.handshake_args)
  File "/Users/dandan/anaconda3/lib/python3.12/site-packages/websockets/asyncio/client.py", line 104, in handshake
    raise self.protocol.handshake_exc
  File "/Users/dandan/anaconda3/lib/python3.12/site-packages/websockets/client.py", line 340, in parse
    self.process_response(response)
  File "/Users/dandan/anaconda3/lib/python3.12/site-packages/websockets/client.py", line 151, in process_response
    raise InvalidStatus(response)
websockets.exceptions.InvalidStatus: server rejected WebSocket connection: HTTP 404
{"time": "2026-03-30 16:38:45,732", "level": "INFO", "logger": "albert.strategies.engine", "msg": "loaded strategy momentum_v1"}
{"time": "2026-03-30 16:38:45,968", "level": "ERROR", "logger": "albert.ingestor.base", "msg": "KalshiIngestor disconnected, reconnecting in 5.0s"}
Traceback (most recent call last):
  File "/Users/dandan/Desktop/Projects/albert/albert/ingestor/base.py", line 19, in run
    await self._connect_and_stream()
  File "/Users/dandan/Desktop/Projects/albert/albert/ingestor/kalshi.py", line 43, in _connect_and_stream
    async with websockets.connect(
  File "/Users/dandan/anaconda3/lib/python3.12/site-packages/websockets/asyncio/client.py", line 487, in __aenter__
    return await self
           ^^^^^^^^^^
  File "/Users/dandan/anaconda3/lib/python3.12/site-packages/websockets/asyncio/client.py", line 446, in __await_impl__
    await self.connection.handshake(*self.handshake_args)
  File "/Users/dandan/anaconda3/lib/python3.12/site-packages/websockets/asyncio/client.py", line 104, in handshake
    raise self.protocol.handshake_exc
  File "/Users/dandan/anaconda3/lib/python3.12/site-packages/websockets/client.py", line 340, in parse
    self.process_response(response)
  File "/Users/dandan/anaconda3/lib/python3.12/site-packages/websockets/client.py", line 151, in process_response
    raise InvalidStatus(response)
websockets.exceptions.InvalidStatus: server rejected WebSocket connection: HTTP 401
{"time": "2026-03-30 16:38:51,068", "level": "ERROR", "logger": "albert.ingestor.base", "msg": "KalshiIngestor disconnected, reconnecting in 5.0s"}
Traceback (most recent call last):
  File "/Users/dandan/Desktop/Projects/albert/albert/ingestor/base.py", line 19, in run
    await self._connect_and_stream()
  File "/Users/dandan/Desktop/Projects/albert/albert/ingestor/kalshi.py", line 43, in _connect_and_stream
    async with websockets.connect(
  File "/Users/dandan/anaconda3/lib/python3.12/site-packages/websockets/asyncio/client.py", line 487, in __aenter__
    return await self
           ^^^^^^^^^^
  File "/Users/dandan/anaconda3/lib/python3.12/site-packages/websockets/asyncio/client.py", line 446, in __await_impl__
    await self.connection.handshake(*self.handshake_args)
  File "/Users/dandan/anaconda3/lib/python3.12/site-packages/websockets/asyncio/client.py", line 104, in handshake
    raise self.protocol.handshake_exc
  File "/Users/dandan/anaconda3/lib/python3.12/site-packages/websockets/client.py", line 340, in parse
    self.process_response(response)
  File "/Users/dandan/anaconda3/lib/python3.12/site-packages/websockets/client.py", line 151, in process_response
    raise InvalidStatus(response)
websockets.exceptions.InvalidStatus: server rejected WebSocket connection: HTTP 401
{"time": "2026-03-30 16:38:56,176", "level": "ERROR", "logger": "albert.ingestor.base", "msg": "KalshiIngestor disconnected, reconnecting in 5.0s"}
Traceback (most recent call last):
  File "/Users/dandan/Desktop/Projects/albert/albert/ingestor/base.py", line 19, in run
    await self._connect_and_stream()
  File "/Users/dandan/Desktop/Projects/albert/albert/ingestor/kalshi.py", line 43, in _connect_and_stream
    async with websockets.connect(
  File "/Users/dandan/anaconda3/lib/python3.12/site-packages/websockets/asyncio/client.py", line 487, in __aenter__
    return await self
           ^^^^^^^^^^
  File "/Users/dandan/anaconda3/lib/python3.12/site-packages/websockets/asyncio/client.py", line 446, in __await_impl__
    await self.connection.handshake(*self.handshake_args)
  File "/Users/dandan/anaconda3/lib/python3.12/site-packages/websockets/asyncio/client.py", line 104, in handshake
    raise self.protocol.handshake_exc
  File "/Users/dandan/anaconda3/lib/python3.12/site-packages/websockets/client.py", line 340, in parse
    self.process_response(response)
  File "/Users/dandan/anaconda3/lib/python3.12/site-packages/websockets/client.py", line 151, in process_response
    raise InvalidStatus(response)
websockets.exceptions.InvalidStatus: server rejected WebSocket connection: HTTP 401
